  Determining projects to restore...
  All projects are up-to-date for restore.
D:\ZLShop\ZLShop\Program.cs(3,7): warning CS0105: The using directive for 'Microsoft.EntityFrameworkCore' appeared previously in this namespace [D:\ZLShop\ZLShop\ZLShop.csproj]
D:\ZLShop\ZLShop\Models\Entities\Cart.cs(5,16): warning CS0108: 'Cart.Id' hides inherited member 'BaseEntity.Id'. Use the new keyword if hiding was intended. [D:\ZLShop\ZLShop\ZLShop.csproj]
D:\ZLShop\ZLShop\Models\Entities\CartItem.cs(5,16): warning CS0108: 'CartItem.Id' hides inherited member 'BaseEntity.Id'. Use the new keyword if hiding was intended. [D:\ZLShop\ZLShop\ZLShop.csproj]
D:\ZLShop\ZLShop\Models\Entities\Permission.cs(5,16): warning CS0108: 'Permission.Id' hides inherited member 'BaseEntity.Id'. Use the new keyword if hiding was intended. [D:\ZLShop\ZLShop\ZLShop.csproj]
D:\ZLShop\ZLShop\Models\Entities\Role.cs(5,16): warning CS0108: 'Role.Id' hides inherited member 'BaseEntity.Id'. Use the new keyword if hiding was intended. [D:\ZLShop\ZLShop\ZLShop.csproj]
D:\ZLShop\ZLShop\Models\Entities\RolePermission.cs(5,16): warning CS0108: 'RolePermission.Id' hides inherited member 'BaseEntity.Id'. Use the new keyword if hiding was intended. [D:\ZLShop\ZLShop\ZLShop.csproj]
D:\ZLShop\ZLShop\Models\Entities\User.cs(6,16): warning CS0108: 'User.Id' hides inherited member 'BaseEntity.Id'. Use the new keyword if hiding was intended. [D:\ZLShop\ZLShop\ZLShop.csproj]
D:\ZLShop\ZLShop\Models\Entities\User.cs(16,22): warning CS0108: 'User.CreatedAt' hides inherited member 'BaseEntity.CreatedAt'. Use the new keyword if hiding was intended. [D:\ZLShop\ZLShop\ZLShop.csproj]
D:\ZLShop\ZLShop\Models\Entities\User.cs(17,22): warning CS0108: 'User.UpdatedAt' hides inherited member 'BaseEntity.UpdatedAt'. Use the new keyword if hiding was intended. [D:\ZLShop\ZLShop\ZLShop.csproj]
D:\ZLShop\ZLShop\Models\Entities\UserAddress.cs(5,16): warning CS0108: 'UserAddress.Id' hides inherited member 'BaseEntity.Id'. Use the new keyword if hiding was intended. [D:\ZLShop\ZLShop\ZLShop.csproj]
D:\ZLShop\ZLShop\Models\Entities\UserAddress.cs(14,22): warning CS0108: 'UserAddress.CreatedAt' hides inherited member 'BaseEntity.CreatedAt'. Use the new keyword if hiding was intended. [D:\ZLShop\ZLShop\ZLShop.csproj]
D:\ZLShop\ZLShop\Models\Entities\UserAddress.cs(15,22): warning CS0108: 'UserAddress.UpdatedAt' hides inherited member 'BaseEntity.UpdatedAt'. Use the new keyword if hiding was intended. [D:\ZLShop\ZLShop\ZLShop.csproj]
D:\ZLShop\ZLShop\Models\Entities\Cart.cs(7,17): warning CS8618: Non-nullable property 'User' must contain a non-null value when exiting constructor. Consider adding the 'required' modifier or declaring the property as nullable. [D:\ZLShop\ZLShop\ZLShop.csproj]
D:\ZLShop\ZLShop\Models\Entities\Cart.cs(8,34): warning CS8618: Non-nullable property 'CartItems' must contain a non-null value when exiting constructor. Consider adding the 'required' modifier or declaring the property as nullable. [D:\ZLShop\ZLShop\ZLShop.csproj]
D:\ZLShop\ZLShop\Models\Entities\CartItem.cs(7,17): warning CS8618: Non-nullable property 'Cart' must contain a non-null value when exiting constructor. Consider adding the 'required' modifier or declaring the property as nullable. [D:\ZLShop\ZLShop\ZLShop.csproj]
D:\ZLShop\ZLShop\Models\Entities\Permission.cs(6,19): warning CS8618: Non-nullable property 'Name' must contain a non-null value when exiting constructor. Consider adding the 'required' modifier or declaring the property as nullable. [D:\ZLShop\ZLShop\ZLShop.csproj]
D:\ZLShop\ZLShop\Models\Entities\Permission.cs(7,19): warning CS8618: Non-nullable property 'Code' must contain a non-null value when exiting constructor. Consider adding the 'required' modifier or declaring the property as nullable. [D:\ZLShop\ZLShop\ZLShop.csproj]
D:\ZLShop\ZLShop\Models\Entities\Permission.cs(8,40): warning CS8618: Non-nullable property 'RolePermissions' must contain a non-null value when exiting constructor. Consider adding the 'required' modifier or declaring the property as nullable. [D:\ZLShop\ZLShop\ZLShop.csproj]
D:\ZLShop\ZLShop\Models\Entities\Role.cs(6,19): warning CS8618: Non-nullable property 'Name' must contain a non-null value when exiting constructor. Consider adding the 'required' modifier or declaring the property as nullable. [D:\ZLShop\ZLShop\ZLShop.csproj]
D:\ZLShop\ZLShop\Models\Entities\Role.cs(7,30): warning CS8618: Non-nullable property 'Users' must contain a non-null value when exiting constructor. Consider adding the 'required' modifier or declaring the property as nullable. [D:\ZLShop\ZLShop\ZLShop.csproj]
D:\ZLShop\ZLShop\DTOs\Auth\RegisterRequestDto.cs(10,19): warning CS8618: Non-nullable property 'Username' must contain a non-null value when exiting constructor. Consider adding the 'required' modifier or declaring the property as nullable. [D:\ZLShop\ZLShop\ZLShop.csproj]
D:\ZLShop\ZLShop\DTOs\Auth\RegisterRequestDto.cs(13,19): warning CS8618: Non-nullable property 'Password' must contain a non-null value when exiting constructor. Consider adding the 'required' modifier or declaring the property as nullable. [D:\ZLShop\ZLShop\ZLShop.csproj]
D:\ZLShop\ZLShop\DTOs\Auth\RegisterRequestDto.cs(16,19): warning CS8618: Non-nullable property 'Email' must contain a non-null value when exiting constructor. Consider adding the 'required' modifier or declaring the property as nullable. [D:\ZLShop\ZLShop\ZLShop.csproj]
D:\ZLShop\ZLShop\DTOs\Auth\RegisterRequestDto.cs(17,19): warning CS8618: Non-nullable property 'Phone' must contain a non-null value when exiting constructor. Consider adding the 'required' modifier or declaring the property as nullable. [D:\ZLShop\ZLShop\ZLShop.csproj]
D:\ZLShop\ZLShop\DTOs\Auth\LoginResponseDto.cs(5,19): warning CS8618: Non-nullable property 'Token' must contain a non-null value when exiting constructor. Consider adding the 'required' modifier or declaring the property as nullable. [D:\ZLShop\ZLShop\ZLShop.csproj]
D:\ZLShop\ZLShop\DTOs\Auth\LoginRequestDto.cs(8,19): warning CS8618: Non-nullable property 'Username' must contain a non-null value when exiting constructor. Consider adding the 'required' modifier or declaring the property as nullable. [D:\ZLShop\ZLShop\ZLShop.csproj]
D:\ZLShop\ZLShop\DTOs\Auth\LoginRequestDto.cs(10,19): warning CS8618: Non-nullable property 'Password' must contain a non-null value when exiting constructor. Consider adding the 'required' modifier or declaring the property as nullable. [D:\ZLShop\ZLShop\ZLShop.csproj]
D:\ZLShop\ZLShop\Models\Entities\UserAddress.cs(7,17): warning CS8618: Non-nullable property 'User' must contain a non-null value when exiting constructor. Consider adding the 'required' modifier or declaring the property as nullable. [D:\ZLShop\ZLShop\ZLShop.csproj]
D:\ZLShop\ZLShop\Models\Entities\UserAddress.cs(8,19): warning CS8618: Non-nullable property 'ReceiverName' must contain a non-null value when exiting constructor. Consider adding the 'required' modifier or declaring the property as nullable. [D:\ZLShop\ZLShop\ZLShop.csproj]
D:\ZLShop\ZLShop\Models\Entities\UserAddress.cs(9,19): warning CS8618: Non-nullable property 'Phone' must contain a non-null value when exiting constructor. Consider adding the 'required' modifier or declaring the property as nullable. [D:\ZLShop\ZLShop\ZLShop.csproj]
D:\ZLShop\ZLShop\Models\Entities\UserAddress.cs(10,19): warning CS8618: Non-nullable property 'Address' must contain a non-null value when exiting constructor. Consider adding the 'required' modifier or declaring the property as nullable. [D:\ZLShop\ZLShop\ZLShop.csproj]
D:\ZLShop\ZLShop\Models\Entities\UserAddress.cs(11,19): warning CS8618: Non-nullable property 'City' must contain a non-null value when exiting constructor. Consider adding the 'required' modifier or declaring the property as nullable. [D:\ZLShop\ZLShop\ZLShop.csproj]
D:\ZLShop\ZLShop\Models\Entities\UserAddress.cs(12,20): warning CS8618: Non-nullable property 'District' must contain a non-null value when exiting constructor. Consider adding the 'required' modifier or declaring the property as nullable. [D:\ZLShop\ZLShop\ZLShop.csproj]
D:\ZLShop\ZLShop\Models\Entities\User.cs(7,19): warning CS8618: Non-nullable property 'Username' must contain a non-null value when exiting constructor. Consider adding the 'required' modifier or declaring the property as nullable. [D:\ZLShop\ZLShop\ZLShop.csproj]
D:\ZLShop\ZLShop\Models\Entities\User.cs(8,19): warning CS8618: Non-nullable property 'Password' must contain a non-null value when exiting constructor. Consider adding the 'required' modifier or declaring the property as nullable. [D:\ZLShop\ZLShop\ZLShop.csproj]
D:\ZLShop\ZLShop\Models\Entities\User.cs(9,19): warning CS8618: Non-nullable property 'Email' must contain a non-null value when exiting constructor. Consider adding the 'required' modifier or declaring the property as nullable. [D:\ZLShop\ZLShop\ZLShop.csproj]
D:\ZLShop\ZLShop\Models\Entities\User.cs(10,19): warning CS8618: Non-nullable property 'Phone' must contain a non-null value when exiting constructor. Consider adding the 'required' modifier or declaring the property as nullable. [D:\ZLShop\ZLShop\ZLShop.csproj]
D:\ZLShop\ZLShop\Models\Entities\User.cs(13,17): warning CS8618: Non-nullable property 'Role' must contain a non-null value when exiting constructor. Consider adding the 'required' modifier or declaring the property as nullable. [D:\ZLShop\ZLShop\ZLShop.csproj]
D:\ZLShop\ZLShop\Models\Entities\User.cs(14,37): warning CS8618: Non-nullable property 'Addresses' must contain a non-null value when exiting constructor. Consider adding the 'required' modifier or declaring the property as nullable. [D:\ZLShop\ZLShop\ZLShop.csproj]
D:\ZLShop\ZLShop\Models\Entities\User.cs(15,17): warning CS8618: Non-nullable property 'Cart' must contain a non-null value when exiting constructor. Consider adding the 'required' modifier or declaring the property as nullable. [D:\ZLShop\ZLShop\ZLShop.csproj]
D:\ZLShop\ZLShop\Models\Entities\RolePermission.cs(7,17): warning CS8618: Non-nullable property 'Role' must contain a non-null value when exiting constructor. Consider adding the 'required' modifier or declaring the property as nullable. [D:\ZLShop\ZLShop\ZLShop.csproj]
D:\ZLShop\ZLShop\Models\Entities\RolePermission.cs(9,23): warning CS8618: Non-nullable property 'Permission' must contain a non-null value when exiting constructor. Consider adding the 'required' modifier or declaring the property as nullable. [D:\ZLShop\ZLShop\ZLShop.csproj]
D:\ZLShop\ZLShop\Services\Auth\JwtService.cs(24,17): error CS0103: The name 'JwtRegisteredClaimNames' does not exist in the current context [D:\ZLShop\ZLShop\ZLShop.csproj]
D:\ZLShop\ZLShop\Services\Auth\JwtService.cs(24,46): error CS1503: Argument 2: cannot convert from 'string' to 'System.Security.Claims.ClaimsIdentity?' [D:\ZLShop\ZLShop\ZLShop.csproj]
D:\ZLShop\ZLShop\Services\Auth\JwtService.cs(25,17): error CS0103: The name 'JwtRegisteredClaimNames' does not exist in the current context [D:\ZLShop\ZLShop\ZLShop.csproj]
D:\ZLShop\ZLShop\Services\Auth\JwtService.cs(25,48): error CS1503: Argument 2: cannot convert from 'string' to 'System.Security.Claims.ClaimsIdentity?' [D:\ZLShop\ZLShop\ZLShop.csproj]
D:\ZLShop\ZLShop\Services\Auth\JwtService.cs(26,17): error CS0103: The name 'JwtRegisteredClaimNames' does not exist in the current context [D:\ZLShop\ZLShop\ZLShop.csproj]
D:\ZLShop\ZLShop\Services\Auth\JwtService.cs(26,46): error CS1503: Argument 2: cannot convert from 'string' to 'System.Security.Claims.ClaimsIdentity?' [D:\ZLShop\ZLShop\ZLShop.csproj]
D:\ZLShop\ZLShop\Services\Auth\JwtService.cs(31,23): error CS0246: The type or namespace name 'SymmetricSecurityKey' could not be found (are you missing a using directive or an assembly reference?) [D:\ZLShop\ZLShop\ZLShop.csproj]
D:\ZLShop\ZLShop\Services\Auth\JwtService.cs(32,13): error CS0103: The name 'Encoding' does not exist in the current context [D:\ZLShop\ZLShop\ZLShop.csproj]
D:\ZLShop\ZLShop\Services\Auth\JwtService.cs(34,25): error CS0246: The type or namespace name 'SigningCredentials' could not be found (are you missing a using directive or an assembly reference?) [D:\ZLShop\ZLShop\ZLShop.csproj]
D:\ZLShop\ZLShop\Services\Auth\JwtService.cs(34,49): error CS0103: The name 'SecurityAlgorithms' does not exist in the current context [D:\ZLShop\ZLShop\ZLShop.csproj]
D:\ZLShop\ZLShop\Services\Auth\JwtService.cs(36,25): error CS0246: The type or namespace name 'JwtSecurityToken' could not be found (are you missing a using directive or an assembly reference?) [D:\ZLShop\ZLShop\ZLShop.csproj]
D:\ZLShop\ZLShop\Services\Auth\JwtService.cs(44,42): error CS0246: The type or namespace name 'JwtSecurityTokenHandler' could not be found (are you missing a using directive or an assembly reference?) [D:\ZLShop\ZLShop\ZLShop.csproj]
D:\ZLShop\ZLShop\Program.cs(48,36): warning CS8604: Possible null reference argument for parameter 's' in 'byte[] Encoding.GetBytes(string s)'. [D:\ZLShop\ZLShop\ZLShop.csproj]

Build FAILED.

D:\ZLShop\ZLShop\Program.cs(3,7): warning CS0105: The using directive for 'Microsoft.EntityFrameworkCore' appeared previously in this namespace [D:\ZLShop\ZLShop\ZLShop.csproj]
D:\ZLShop\ZLShop\Models\Entities\Cart.cs(5,16): warning CS0108: 'Cart.Id' hides inherited member 'BaseEntity.Id'. Use the new keyword if hiding was intended. [D:\ZLShop\ZLShop\ZLShop.csproj]
D:\ZLShop\ZLShop\Models\Entities\CartItem.cs(5,16): warning CS0108: 'CartItem.Id' hides inherited member 'BaseEntity.Id'. Use the new keyword if hiding was intended. [D:\ZLShop\ZLShop\ZLShop.csproj]
D:\ZLShop\ZLShop\Models\Entities\Permission.cs(5,16): warning CS0108: 'Permission.Id' hides inherited member 'BaseEntity.Id'. Use the new keyword if hiding was intended. [D:\ZLShop\ZLShop\ZLShop.csproj]
D:\ZLShop\ZLShop\Models\Entities\Role.cs(5,16): warning CS0108: 'Role.Id' hides inherited member 'BaseEntity.Id'. Use the new keyword if hiding was intended. [D:\ZLShop\ZLShop\ZLShop.csproj]
D:\ZLShop\ZLShop\Models\Entities\RolePermission.cs(5,16): warning CS0108: 'RolePermission.Id' hides inherited member 'BaseEntity.Id'. Use the new keyword if hiding was intended. [D:\ZLShop\ZLShop\ZLShop.csproj]
D:\ZLShop\ZLShop\Models\Entities\User.cs(6,16): warning CS0108: 'User.Id' hides inherited member 'BaseEntity.Id'. Use the new keyword if hiding was intended. [D:\ZLShop\ZLShop\ZLShop.csproj]
D:\ZLShop\ZLShop\Models\Entities\User.cs(16,22): warning CS0108: 'User.CreatedAt' hides inherited member 'BaseEntity.CreatedAt'. Use the new keyword if hiding was intended. [D:\ZLShop\ZLShop\ZLShop.csproj]
D:\ZLShop\ZLShop\Models\Entities\User.cs(17,22): warning CS0108: 'User.UpdatedAt' hides inherited member 'BaseEntity.UpdatedAt'. Use the new keyword if hiding was intended. [D:\ZLShop\ZLShop\ZLShop.csproj]
D:\ZLShop\ZLShop\Models\Entities\UserAddress.cs(5,16): warning CS0108: 'UserAddress.Id' hides inherited member 'BaseEntity.Id'. Use the new keyword if hiding was intended. [D:\ZLShop\ZLShop\ZLShop.csproj]
D:\ZLShop\ZLShop\Models\Entities\UserAddress.cs(14,22): warning CS0108: 'UserAddress.CreatedAt' hides inherited member 'BaseEntity.CreatedAt'. Use the new keyword if hiding was intended. [D:\ZLShop\ZLShop\ZLShop.csproj]
D:\ZLShop\ZLShop\Models\Entities\UserAddress.cs(15,22): warning CS0108: 'UserAddress.UpdatedAt' hides inherited member 'BaseEntity.UpdatedAt'. Use the new keyword if hiding was intended. [D:\ZLShop\ZLShop\ZLShop.csproj]
D:\ZLShop\ZLShop\Models\Entities\Cart.cs(7,17): warning CS8618: Non-nullable property 'User' must contain a non-null value when exiting constructor. Consider adding the 'required' modifier or declaring the property as nullable. [D:\ZLShop\ZLShop\ZLShop.csproj]
D:\ZLShop\ZLShop\Models\Entities\Cart.cs(8,34): warning CS8618: Non-nullable property 'CartItems' must contain a non-null value when exiting constructor. Consider adding the 'required' modifier or declaring the property as nullable. [D:\ZLShop\ZLShop\ZLShop.csproj]
D:\ZLShop\ZLShop\Models\Entities\CartItem.cs(7,17): warning CS8618: Non-nullable property 'Cart' must contain a non-null value when exiting constructor. Consider adding the 'required' modifier or declaring the property as nullable. [D:\ZLShop\ZLShop\ZLShop.csproj]
D:\ZLShop\ZLShop\Models\Entities\Permission.cs(6,19): warning CS8618: Non-nullable property 'Name' must contain a non-null value when exiting constructor. Consider adding the 'required' modifier or declaring the property as nullable. [D:\ZLShop\ZLShop\ZLShop.csproj]
D:\ZLShop\ZLShop\Models\Entities\Permission.cs(7,19): warning CS8618: Non-nullable property 'Code' must contain a non-null value when exiting constructor. Consider adding the 'required' modifier or declaring the property as nullable. [D:\ZLShop\ZLShop\ZLShop.csproj]
D:\ZLShop\ZLShop\Models\Entities\Permission.cs(8,40): warning CS8618: Non-nullable property 'RolePermissions' must contain a non-null value when exiting constructor. Consider adding the 'required' modifier or declaring the property as nullable. [D:\ZLShop\ZLShop\ZLShop.csproj]
D:\ZLShop\ZLShop\Models\Entities\Role.cs(6,19): warning CS8618: Non-nullable property 'Name' must contain a non-null value when exiting constructor. Consider adding the 'required' modifier or declaring the property as nullable. [D:\ZLShop\ZLShop\ZLShop.csproj]
D:\ZLShop\ZLShop\Models\Entities\Role.cs(7,30): warning CS8618: Non-nullable property 'Users' must contain a non-null value when exiting constructor. Consider adding the 'required' modifier or declaring the property as nullable. [D:\ZLShop\ZLShop\ZLShop.csproj]
D:\ZLShop\ZLShop\DTOs\Auth\RegisterRequestDto.cs(10,19): warning CS8618: Non-nullable property 'Username' must contain a non-null value when exiting constructor. Consider adding the 'required' modifier or declaring the property as nullable. [D:\ZLShop\ZLShop\ZLShop.csproj]
D:\ZLShop\ZLShop\DTOs\Auth\RegisterRequestDto.cs(13,19): warning CS8618: Non-nullable property 'Password' must contain a non-null value when exiting constructor. Consider adding the 'required' modifier or declaring the property as nullable. [D:\ZLShop\ZLShop\ZLShop.csproj]
D:\ZLShop\ZLShop\DTOs\Auth\RegisterRequestDto.cs(16,19): warning CS8618: Non-nullable property 'Email' must contain a non-null value when exiting constructor. Consider adding the 'required' modifier or declaring the property as nullable. [D:\ZLShop\ZLShop\ZLShop.csproj]
D:\ZLShop\ZLShop\DTOs\Auth\RegisterRequestDto.cs(17,19): warning CS8618: Non-nullable property 'Phone' must contain a non-null value when exiting constructor. Consider adding the 'required' modifier or declaring the property as nullable. [D:\ZLShop\ZLShop\ZLShop.csproj]
D:\ZLShop\ZLShop\DTOs\Auth\LoginResponseDto.cs(5,19): warning CS8618: Non-nullable property 'Token' must contain a non-null value when exiting constructor. Consider adding the 'required' modifier or declaring the property as nullable. [D:\ZLShop\ZLShop\ZLShop.csproj]
D:\ZLShop\ZLShop\DTOs\Auth\LoginRequestDto.cs(8,19): warning CS8618: Non-nullable property 'Username' must contain a non-null value when exiting constructor. Consider adding the 'required' modifier or declaring the property as nullable. [D:\ZLShop\ZLShop\ZLShop.csproj]
D:\ZLShop\ZLShop\DTOs\Auth\LoginRequestDto.cs(10,19): warning CS8618: Non-nullable property 'Password' must contain a non-null value when exiting constructor. Consider adding the 'required' modifier or declaring the property as nullable. [D:\ZLShop\ZLShop\ZLShop.csproj]
D:\ZLShop\ZLShop\Models\Entities\UserAddress.cs(7,17): warning CS8618: Non-nullable property 'User' must contain a non-null value when exiting constructor. Consider adding the 'required' modifier or declaring the property as nullable. [D:\ZLShop\ZLShop\ZLShop.csproj]
D:\ZLShop\ZLShop\Models\Entities\UserAddress.cs(8,19): warning CS8618: Non-nullable property 'ReceiverName' must contain a non-null value when exiting constructor. Consider adding the 'required' modifier or declaring the property as nullable. [D:\ZLShop\ZLShop\ZLShop.csproj]
D:\ZLShop\ZLShop\Models\Entities\UserAddress.cs(9,19): warning CS8618: Non-nullable property 'Phone' must contain a non-null value when exiting constructor. Consider adding the 'required' modifier or declaring the property as nullable. [D:\ZLShop\ZLShop\ZLShop.csproj]
D:\ZLShop\ZLShop\Models\Entities\UserAddress.cs(10,19): warning CS8618: Non-nullable property 'Address' must contain a non-null value when exiting constructor. Consider adding the 'required' modifier or declaring the property as nullable. [D:\ZLShop\ZLShop\ZLShop.csproj]
D:\ZLShop\ZLShop\Models\Entities\UserAddress.cs(11,19): warning CS8618: Non-nullable property 'City' must contain a non-null value when exiting constructor. Consider adding the 'required' modifier or declaring the property as nullable. [D:\ZLShop\ZLShop\ZLShop.csproj]
D:\ZLShop\ZLShop\Models\Entities\UserAddress.cs(12,20): warning CS8618: Non-nullable property 'District' must contain a non-null value when exiting constructor. Consider adding the 'required' modifier or declaring the property as nullable. [D:\ZLShop\ZLShop\ZLShop.csproj]
D:\ZLShop\ZLShop\Models\Entities\User.cs(7,19): warning CS8618: Non-nullable property 'Username' must contain a non-null value when exiting constructor. Consider adding the 'required' modifier or declaring the property as nullable. [D:\ZLShop\ZLShop\ZLShop.csproj]
D:\ZLShop\ZLShop\Models\Entities\User.cs(8,19): warning CS8618: Non-nullable property 'Password' must contain a non-null value when exiting constructor. Consider adding the 'required' modifier or declaring the property as nullable. [D:\ZLShop\ZLShop\ZLShop.csproj]
D:\ZLShop\ZLShop\Models\Entities\User.cs(9,19): warning CS8618: Non-nullable property 'Email' must contain a non-null value when exiting constructor. Consider adding the 'required' modifier or declaring the property as nullable. [D:\ZLShop\ZLShop\ZLShop.csproj]
D:\ZLShop\ZLShop\Models\Entities\User.cs(10,19): warning CS8618: Non-nullable property 'Phone' must contain a non-null value when exiting constructor. Consider adding the 'required' modifier or declaring the property as nullable. [D:\ZLShop\ZLShop\ZLShop.csproj]
D:\ZLShop\ZLShop\Models\Entities\User.cs(13,17): warning CS8618: Non-nullable property 'Role' must contain a non-null value when exiting constructor. Consider adding the 'required' modifier or declaring the property as nullable. [D:\ZLShop\ZLShop\ZLShop.csproj]
D:\ZLShop\ZLShop\Models\Entities\User.cs(14,37): warning CS8618: Non-nullable property 'Addresses' must contain a non-null value when exiting constructor. Consider adding the 'required' modifier or declaring the property as nullable. [D:\ZLShop\ZLShop\ZLShop.csproj]
D:\ZLShop\ZLShop\Models\Entities\User.cs(15,17): warning CS8618: Non-nullable property 'Cart' must contain a non-null value when exiting constructor. Consider adding the 'required' modifier or declaring the property as nullable. [D:\ZLShop\ZLShop\ZLShop.csproj]
D:\ZLShop\ZLShop\Models\Entities\RolePermission.cs(7,17): warning CS8618: Non-nullable property 'Role' must contain a non-null value when exiting constructor. Consider adding the 'required' modifier or declaring the property as nullable. [D:\ZLShop\ZLShop\ZLShop.csproj]
D:\ZLShop\ZLShop\Models\Entities\RolePermission.cs(9,23): warning CS8618: Non-nullable property 'Permission' must contain a non-null value when exiting constructor. Consider adding the 'required' modifier or declaring the property as nullable. [D:\ZLShop\ZLShop\ZLShop.csproj]
D:\ZLShop\ZLShop\Program.cs(48,36): warning CS8604: Possible null reference argument for parameter 's' in 'byte[] Encoding.GetBytes(string s)'. [D:\ZLShop\ZLShop\ZLShop.csproj]
D:\ZLShop\ZLShop\Services\Auth\JwtService.cs(24,17): error CS0103: The name 'JwtRegisteredClaimNames' does not exist in the current context [D:\ZLShop\ZLShop\ZLShop.csproj]
D:\ZLShop\ZLShop\Services\Auth\JwtService.cs(24,46): error CS1503: Argument 2: cannot convert from 'string' to 'System.Security.Claims.ClaimsIdentity?' [D:\ZLShop\ZLShop\ZLShop.csproj]
D:\ZLShop\ZLShop\Services\Auth\JwtService.cs(25,17): error CS0103: The name 'JwtRegisteredClaimNames' does not exist in the current context [D:\ZLShop\ZLShop\ZLShop.csproj]
D:\ZLShop\ZLShop\Services\Auth\JwtService.cs(25,48): error CS1503: Argument 2: cannot convert from 'string' to 'System.Security.Claims.ClaimsIdentity?' [D:\ZLShop\ZLShop\ZLShop.csproj]
D:\ZLShop\ZLShop\Services\Auth\JwtService.cs(26,17): error CS0103: The name 'JwtRegisteredClaimNames' does not exist in the current context [D:\ZLShop\ZLShop\ZLShop.csproj]
D:\ZLShop\ZLShop\Services\Auth\JwtService.cs(26,46): error CS1503: Argument 2: cannot convert from 'string' to 'System.Security.Claims.ClaimsIdentity?' [D:\ZLShop\ZLShop\ZLShop.csproj]
D:\ZLShop\ZLShop\Services\Auth\JwtService.cs(31,23): error CS0246: The type or namespace name 'SymmetricSecurityKey' could not be found (are you missing a using directive or an assembly reference?) [D:\ZLShop\ZLShop\ZLShop.csproj]
D:\ZLShop\ZLShop\Services\Auth\JwtService.cs(32,13): error CS0103: The name 'Encoding' does not exist in the current context [D:\ZLShop\ZLShop\ZLShop.csproj]
D:\ZLShop\ZLShop\Services\Auth\JwtService.cs(34,25): error CS0246: The type or namespace name 'SigningCredentials' could not be found (are you missing a using directive or an assembly reference?) [D:\ZLShop\ZLShop\ZLShop.csproj]
D:\ZLShop\ZLShop\Services\Auth\JwtService.cs(34,49): error CS0103: The name 'SecurityAlgorithms' does not exist in the current context [D:\ZLShop\ZLShop\ZLShop.csproj]
D:\ZLShop\ZLShop\Services\Auth\JwtService.cs(36,25): error CS0246: The type or namespace name 'JwtSecurityToken' could not be found (are you missing a using directive or an assembly reference?) [D:\ZLShop\ZLShop\ZLShop.csproj]
D:\ZLShop\ZLShop\Services\Auth\JwtService.cs(44,42): error CS0246: The type or namespace name 'JwtSecurityTokenHandler' could not be found (are you missing a using directive or an assembly reference?) [D:\ZLShop\ZLShop\ZLShop.csproj]
    43 Warning(s)
    12 Error(s)

Time Elapsed 00:00:02.21
